<?xml version="1.0" encoding="UTF-8"?>
<!-- Generated by org.testng.reporters.JUnitXMLReporter -->
<testsuite hostname="Vimal-Verma" name="firefoxTest" tests="4" failures="0" timestamp="13 Apr 2018 10:01:49 GMT" time="0.055" errors="0">
  <testcase name="@BeforeTest BrowserSetup" time="0.0" classname="sprint_1.FabHotel_Search">
    <failure type="java.lang.NoClassDefFoundError" message="org/openqa/selenium/remote/DesiredCapabilities">
      <![CDATA[java.lang.NoClassDefFoundError: org/openqa/selenium/remote/DesiredCapabilities
	at sprint_1.FabHotel_Search.BrowserSetup(FabHotel_Search.java:220)
	at java.util.concurrent.FutureTask.run(FutureTask.java:266)
	at java.util.concurrent.ThreadPoolExecutor.runWorker(ThreadPoolExecutor.java:1149)
	at java.util.concurrent.ThreadPoolExecutor$Worker.run(ThreadPoolExecutor.java:624)
	at java.lang.Thread.run(Thread.java:748)
Caused by: java.lang.ClassNotFoundException: org.openqa.selenium.remote.DesiredCapabilities
	at java.net.URLClassLoader.findClass(URLClassLoader.java:381)
	at java.lang.ClassLoader.loadClass(ClassLoader.java:424)
	at sun.misc.Launcher$AppClassLoader.loadClass(Launcher.java:338)
	at java.lang.ClassLoader.loadClass(ClassLoader.java:357)
	... 19 more
... Removed 14 stack frames]]>
    </failure>
  </testcase> <!-- @BeforeTest BrowserSetup -->
  <testcase name="@AfterTest afterTest" time="0.0" classname="sprint_1.FabHotel_Search">
    <skipped/>
  </testcase> <!-- @AfterTest afterTest -->
  <testcase name="searchHotel" time="0.001" classname="sprint_1.FabHotel_Search">
    <skipped/>
  </testcase> <!-- searchHotel -->
  <testcase name="hotelList" time="0.002" classname="sprint_1.FabHotel_Search">
    <skipped/>
  </testcase> <!-- hotelList -->
  <testcase name="finalHotel_Book" time="0.0" classname="sprint_1.FabHotel_Search">
    <skipped/>
  </testcase> <!-- finalHotel_Book -->
  <testcase name="review_Details" time="0.0" classname="sprint_1.FabHotel_Search">
    <skipped/>
  </testcase> <!-- review_Details -->
</testsuite> <!-- firefoxTest -->
